{"contracts/interfaces/IMarket.sol":{"l":{},"path":"/Users/davybraun/Code/projects/calliope/core/contracts/interfaces/IMarket.sol","s":{},"b":{},"f":{},"fnMap":{},"statementMap":{},"branchMap":{}},"contracts/interfaces/IProduct.sol":{"l":{},"path":"/Users/davybraun/Code/projects/calliope/core/contracts/interfaces/IProduct.sol","s":{},"b":{},"f":{},"fnMap":{},"statementMap":{},"branchMap":{}},"contracts/lib/Decimal.sol":{"l":{"42":0,"52":0,"63":17,"74":0},"path":"/Users/davybraun/Code/projects/calliope/core/contracts/lib/Decimal.sol","s":{"1":0,"2":0,"3":17,"4":0},"b":{},"f":{"1":0,"2":0,"3":17,"4":0},"fnMap":{"1":{"name":"one","line":37,"loc":{"start":{"line":37,"column":4},"end":{"line":43,"column":4}}},"2":{"name":"onePlus","line":45,"loc":{"start":{"line":45,"column":4},"end":{"line":53,"column":4}}},"3":{"name":"mul","line":55,"loc":{"start":{"line":55,"column":4},"end":{"line":64,"column":4}}},"4":{"name":"div","line":66,"loc":{"start":{"line":66,"column":4},"end":{"line":75,"column":4}}}},"statementMap":{"1":{"start":{"line":42,"column":8},"end":{"line":42,"column":34}},"2":{"start":{"line":52,"column":8},"end":{"line":52,"column":47}},"3":{"start":{"line":63,"column":8},"end":{"line":63,"column":53}},"4":{"start":{"line":74,"column":8},"end":{"line":74,"column":53}}},"branchMap":{}},"contracts/lib/Math.sol":{"l":{"37":17,"49":0,"51":0,"53":0,"63":0,"64":0,"65":0,"75":0,"76":0,"77":0,"87":0,"88":0,"89":0,"100":0,"111":0},"path":"/Users/davybraun/Code/projects/calliope/core/contracts/lib/Math.sol","s":{"1":17,"2":0,"3":0,"4":0,"5":0,"6":0,"7":0,"8":0,"9":0,"10":0,"11":0,"12":0,"13":0,"14":0,"15":0},"b":{"1":[0,0],"2":[0,0],"3":[0,0],"4":[0,0]},"f":{"1":17,"2":0,"3":0,"4":0,"5":0,"6":0,"7":0},"fnMap":{"1":{"name":"getPartial","line":32,"loc":{"start":{"line":32,"column":4},"end":{"line":38,"column":4}}},"2":{"name":"getPartialRoundUp","line":43,"loc":{"start":{"line":43,"column":4},"end":{"line":54,"column":4}}},"3":{"name":"to128","line":56,"loc":{"start":{"line":56,"column":4},"end":{"line":66,"column":4}}},"4":{"name":"to96","line":68,"loc":{"start":{"line":68,"column":4},"end":{"line":78,"column":4}}},"5":{"name":"to32","line":80,"loc":{"start":{"line":80,"column":4},"end":{"line":90,"column":4}}},"6":{"name":"min","line":92,"loc":{"start":{"line":92,"column":4},"end":{"line":101,"column":4}}},"7":{"name":"max","line":103,"loc":{"start":{"line":103,"column":4},"end":{"line":112,"column":4}}}},"statementMap":{"1":{"start":{"line":37,"column":8},"end":{"line":37,"column":53}},"2":{"start":{"line":49,"column":8},"end":{"line":49,"column":1584}},"3":{"start":{"line":51,"column":12},"end":{"line":51,"column":47}},"4":{"start":{"line":53,"column":8},"end":{"line":53,"column":67}},"5":{"start":{"line":63,"column":8},"end":{"line":63,"column":40}},"6":{"start":{"line":64,"column":8},"end":{"line":64,"column":64}},"7":{"start":{"line":65,"column":8},"end":{"line":65,"column":21}},"8":{"start":{"line":75,"column":8},"end":{"line":75,"column":38}},"9":{"start":{"line":76,"column":8},"end":{"line":76,"column":63}},"10":{"start":{"line":77,"column":8},"end":{"line":77,"column":21}},"11":{"start":{"line":87,"column":8},"end":{"line":87,"column":38}},"12":{"start":{"line":88,"column":8},"end":{"line":88,"column":63}},"13":{"start":{"line":89,"column":8},"end":{"line":89,"column":21}},"14":{"start":{"line":100,"column":8},"end":{"line":100,"column":28}},"15":{"start":{"line":111,"column":8},"end":{"line":111,"column":28}}},"branchMap":{"1":{"line":49,"type":"if","locations":[{"start":{"line":49,"column":8},"end":{"line":49,"column":8}},{"start":{"line":49,"column":8},"end":{"line":49,"column":8}}]},"2":{"line":64,"type":"if","locations":[{"start":{"line":64,"column":8},"end":{"line":64,"column":8}},{"start":{"line":64,"column":8},"end":{"line":64,"column":8}}]},"3":{"line":76,"type":"if","locations":[{"start":{"line":76,"column":8},"end":{"line":76,"column":8}},{"start":{"line":76,"column":8},"end":{"line":76,"column":8}}]},"4":{"line":88,"type":"if","locations":[{"start":{"line":88,"column":8},"end":{"line":88,"column":8}},{"start":{"line":88,"column":8},"end":{"line":88,"column":8}}]}}},"contracts/lib/StringUtils.sol":{"l":{"12":3,"14":3,"15":1,"17":2,"28":9},"path":"/Users/davybraun/Code/projects/calliope/core/contracts/lib/StringUtils.sol","s":{"1":3,"2":3,"3":1,"4":2,"5":9},"b":{"1":[1,2]},"f":{"1":3,"2":9},"fnMap":{"1":{"name":"isEmptyString","line":5,"loc":{"start":{"line":5,"column":4},"end":{"line":18,"column":4}}},"2":{"name":"areStringEquals","line":20,"loc":{"start":{"line":20,"column":4},"end":{"line":31,"column":4}}}},"statementMap":{"1":{"start":{"line":12,"column":8},"end":{"line":12,"column":43}},"2":{"start":{"line":14,"column":8},"end":{"line":14,"column":268}},"3":{"start":{"line":15,"column":12},"end":{"line":15,"column":23}},"4":{"start":{"line":17,"column":8},"end":{"line":17,"column":20}},"5":{"start":{"line":28,"column":8},"end":{"line":28,"column":525}}},"branchMap":{"1":{"line":14,"type":"if","locations":[{"start":{"line":14,"column":8},"end":{"line":14,"column":8}},{"start":{"line":14,"column":8},"end":{"line":14,"column":8}}]}}},"contracts/Market.sol":{"l":{"33":94,"37":90,"45":117,"46":117,"51":117,"52":117,"53":117,"64":15,"68":14,"69":14,"79":2,"80":2,"92":15,"96":14,"100":13,"104":12,"109":11,"110":11,"111":1,"114":11,"120":11,"121":11,"123":11,"124":11,"130":11,"134":11,"135":4,"147":1,"148":1,"149":1,"151":1,"156":1,"158":1,"159":1,"160":1,"171":5,"172":5,"178":1,"183":1,"194":45,"198":45,"199":45,"210":2,"221":18,"233":18,"234":18,"245":66,"258":17,"266":5,"274":2,"283":1,"294":11,"305":5,"306":5,"307":5,"310":5,"316":5,"317":5,"320":5,"326":5,"332":5,"338":5,"340":5,"341":5},"path":"/Users/davybraun/Code/projects/calliope/core/contracts/Market.sol","s":{"1":94,"2":117,"3":117,"4":117,"5":117,"6":117,"7":15,"8":14,"9":14,"10":2,"11":15,"12":14,"13":13,"14":12,"15":11,"16":11,"17":1,"18":11,"19":11,"20":11,"21":11,"22":11,"23":11,"24":11,"25":4,"26":1,"27":1,"28":1,"29":1,"30":1,"31":1,"32":1,"33":5,"34":5,"35":1,"36":1,"37":45,"38":45,"39":45,"40":2,"41":18,"42":18,"43":18,"44":66,"45":17,"46":5,"47":2,"48":1,"49":11,"50":5,"51":5,"52":5,"53":5,"54":5,"55":5,"56":5,"57":5,"58":5,"59":5,"60":5},"b":{"1":[90,4],"2":[117,0],"3":[117,0],"4":[14,1],"5":[14,1],"6":[13,1],"7":[12,1],"8":[11,1],"9":[1,10],"10":[4,7],"11":[1,0],"12":[1,4],"13":[1,0],"14":[45,0]},"f":{"1":94,"2":117,"3":15,"4":2,"5":15,"6":1,"7":5,"8":45,"9":2,"10":18,"11":18,"12":66,"13":17,"14":5,"15":2,"16":1,"17":11,"18":5},"fnMap":{"1":{"name":"onlyProduct","line":32,"loc":{"start":{"line":32,"column":4},"end":{"line":38,"column":4}}},"2":{"name":"constructor","line":40,"loc":{"start":{"line":40,"column":4},"end":{"line":54,"column":4}}},"3":{"name":"setAsk","line":62,"loc":{"start":{"line":56,"column":4},"end":{"line":70,"column":4}}},"4":{"name":"removeAsk","line":77,"loc":{"start":{"line":72,"column":4},"end":{"line":81,"column":4}}},"5":{"name":"setBid","line":90,"loc":{"start":{"line":83,"column":4},"end":{"line":137,"column":4}}},"6":{"name":"removeBid","line":145,"loc":{"start":{"line":139,"column":4},"end":{"line":161,"column":4}}},"7":{"name":"acceptBid","line":169,"loc":{"start":{"line":163,"column":4},"end":{"line":184,"column":4}}},"8":{"name":"setBidShares","line":192,"loc":{"start":{"line":186,"column":4},"end":{"line":200,"column":4}}},"9":{"name":"currentAskForToken","line":202,"loc":{"start":{"line":202,"column":4},"end":{"line":211,"column":4}}},"10":{"name":"bidSharesForToken","line":213,"loc":{"start":{"line":213,"column":4},"end":{"line":222,"column":4}}},"11":{"name":"isValidBid","line":224,"loc":{"start":{"line":224,"column":4},"end":{"line":235,"column":4}}},"12":{"name":"areValidBidShares","line":237,"loc":{"start":{"line":237,"column":4},"end":{"line":247,"column":4}}},"13":{"name":"splitShare","line":249,"loc":{"start":{"line":249,"column":4},"end":{"line":259,"column":4}}},"14":{"name":"pause","line":264,"loc":{"start":{"line":261,"column":4},"end":{"line":267,"column":4}}},"15":{"name":"unpause","line":272,"loc":{"start":{"line":269,"column":4},"end":{"line":275,"column":4}}},"16":{"name":"fee","line":277,"loc":{"start":{"line":277,"column":4},"end":{"line":284,"column":4}}},"17":{"name":"_canAcceptBidAutomatically","line":286,"loc":{"start":{"line":286,"column":4},"end":{"line":297,"column":4}}},"18":{"name":"_finalizeTransfer","line":299,"loc":{"start":{"line":299,"column":4},"end":{"line":342,"column":4}}}},"statementMap":{"1":{"start":{"line":33,"column":8},"end":{"line":33,"column":998}},"2":{"start":{"line":45,"column":8},"end":{"line":45,"column":1223}},"3":{"start":{"line":46,"column":12},"end":{"line":46,"column":1270}},"4":{"start":{"line":51,"column":8},"end":{"line":51,"column":25}},"5":{"start":{"line":52,"column":8},"end":{"line":52,"column":28}},"6":{"start":{"line":53,"column":8},"end":{"line":53,"column":18}},"7":{"start":{"line":64,"column":8},"end":{"line":64,"column":1636}},"8":{"start":{"line":68,"column":8},"end":{"line":68,"column":29}},"9":{"start":{"line":69,"column":8},"end":{"line":69,"column":39}},"10":{"start":{"line":79,"column":8},"end":{"line":79,"column":50}},"11":{"start":{"line":92,"column":8},"end":{"line":92,"column":2193}},"12":{"start":{"line":96,"column":8},"end":{"line":96,"column":2297}},"13":{"start":{"line":100,"column":8},"end":{"line":100,"column":2389}},"14":{"start":{"line":104,"column":8},"end":{"line":104,"column":2497}},"15":{"start":{"line":109,"column":8},"end":{"line":109,"column":79}},"16":{"start":{"line":110,"column":8},"end":{"line":110,"column":2691}},"17":{"start":{"line":111,"column":12},"end":{"line":111,"column":43}},"18":{"start":{"line":114,"column":8},"end":{"line":114,"column":44}},"19":{"start":{"line":120,"column":8},"end":{"line":120,"column":62}},"20":{"start":{"line":121,"column":8},"end":{"line":121,"column":60}},"21":{"start":{"line":123,"column":8},"end":{"line":123,"column":61}},"22":{"start":{"line":124,"column":8},"end":{"line":124,"column":3285}},"23":{"start":{"line":130,"column":8},"end":{"line":130,"column":39}},"24":{"start":{"line":134,"column":8},"end":{"line":134,"column":3629}},"25":{"start":{"line":135,"column":12},"end":{"line":135,"column":51}},"26":{"start":{"line":147,"column":8},"end":{"line":147,"column":53}},"27":{"start":{"line":148,"column":8},"end":{"line":148,"column":38}},"28":{"start":{"line":149,"column":8},"end":{"line":149,"column":42}},"29":{"start":{"line":151,"column":8},"end":{"line":151,"column":4036}},"30":{"start":{"line":156,"column":8},"end":{"line":156,"column":42}},"31":{"start":{"line":158,"column":8},"end":{"line":158,"column":38}},"32":{"start":{"line":160,"column":8},"end":{"line":160,"column":41}},"33":{"start":{"line":171,"column":8},"end":{"line":171,"column":64}},"34":{"start":{"line":172,"column":8},"end":{"line":172,"column":4529}},"35":{"start":{"line":178,"column":8},"end":{"line":178,"column":4724}},"36":{"start":{"line":183,"column":8},"end":{"line":183,"column":46}},"37":{"start":{"line":194,"column":8},"end":{"line":194,"column":5064}},"38":{"start":{"line":198,"column":8},"end":{"line":198,"column":40}},"39":{"start":{"line":199,"column":8},"end":{"line":199,"column":50}},"40":{"start":{"line":210,"column":8},"end":{"line":210,"column":30}},"41":{"start":{"line":221,"column":8},"end":{"line":221,"column":35}},"42":{"start":{"line":233,"column":8},"end":{"line":233,"column":64}},"43":{"start":{"line":234,"column":8},"end":{"line":234,"column":61}},"44":{"start":{"line":245,"column":8},"end":{"line":245,"column":6175}},"45":{"start":{"line":258,"column":8},"end":{"line":258,"column":56}},"46":{"start":{"line":266,"column":8},"end":{"line":266,"column":15}},"47":{"start":{"line":274,"column":8},"end":{"line":274,"column":17}},"48":{"start":{"line":283,"column":8},"end":{"line":283,"column":19}},"49":{"start":{"line":294,"column":8},"end":{"line":294,"column":7014}},"50":{"start":{"line":305,"column":8},"end":{"line":305,"column":52}},"51":{"start":{"line":306,"column":8},"end":{"line":306,"column":58}},"52":{"start":{"line":307,"column":8},"end":{"line":307,"column":43}},"53":{"start":{"line":310,"column":8},"end":{"line":310,"column":7465}},"54":{"start":{"line":316,"column":8},"end":{"line":316,"column":78}},"55":{"start":{"line":317,"column":8},"end":{"line":317,"column":76}},"56":{"start":{"line":320,"column":8},"end":{"line":320,"column":7869}},"57":{"start":{"line":326,"column":8},"end":{"line":326,"column":8034}},"58":{"start":{"line":332,"column":8},"end":{"line":332,"column":8164}},"59":{"start":{"line":340,"column":8},"end":{"line":340,"column":49}},"60":{"start":{"line":341,"column":8},"end":{"line":341,"column":40}}},"branchMap":{"1":{"line":33,"type":"if","locations":[{"start":{"line":33,"column":8},"end":{"line":33,"column":8}},{"start":{"line":33,"column":8},"end":{"line":33,"column":8}}]},"2":{"line":45,"type":"if","locations":[{"start":{"line":45,"column":8},"end":{"line":45,"column":8}},{"start":{"line":45,"column":8},"end":{"line":45,"column":8}}]},"3":{"line":46,"type":"if","locations":[{"start":{"line":46,"column":12},"end":{"line":46,"column":12}},{"start":{"line":46,"column":12},"end":{"line":46,"column":12}}]},"4":{"line":64,"type":"if","locations":[{"start":{"line":64,"column":8},"end":{"line":64,"column":8}},{"start":{"line":64,"column":8},"end":{"line":64,"column":8}}]},"5":{"line":92,"type":"if","locations":[{"start":{"line":92,"column":8},"end":{"line":92,"column":8}},{"start":{"line":92,"column":8},"end":{"line":92,"column":8}}]},"6":{"line":96,"type":"if","locations":[{"start":{"line":96,"column":8},"end":{"line":96,"column":8}},{"start":{"line":96,"column":8},"end":{"line":96,"column":8}}]},"7":{"line":100,"type":"if","locations":[{"start":{"line":100,"column":8},"end":{"line":100,"column":8}},{"start":{"line":100,"column":8},"end":{"line":100,"column":8}}]},"8":{"line":104,"type":"if","locations":[{"start":{"line":104,"column":8},"end":{"line":104,"column":8}},{"start":{"line":104,"column":8},"end":{"line":104,"column":8}}]},"9":{"line":110,"type":"if","locations":[{"start":{"line":110,"column":8},"end":{"line":110,"column":8}},{"start":{"line":110,"column":8},"end":{"line":110,"column":8}}]},"10":{"line":134,"type":"if","locations":[{"start":{"line":134,"column":8},"end":{"line":134,"column":8}},{"start":{"line":134,"column":8},"end":{"line":134,"column":8}}]},"11":{"line":151,"type":"if","locations":[{"start":{"line":151,"column":8},"end":{"line":151,"column":8}},{"start":{"line":151,"column":8},"end":{"line":151,"column":8}}]},"12":{"line":172,"type":"if","locations":[{"start":{"line":172,"column":8},"end":{"line":172,"column":8}},{"start":{"line":172,"column":8},"end":{"line":172,"column":8}}]},"13":{"line":178,"type":"if","locations":[{"start":{"line":178,"column":8},"end":{"line":178,"column":8}},{"start":{"line":178,"column":8},"end":{"line":178,"column":8}}]},"14":{"line":194,"type":"if","locations":[{"start":{"line":194,"column":8},"end":{"line":194,"column":8}},{"start":{"line":194,"column":8},"end":{"line":194,"column":8}}]}}},"contracts/Product.sol":{"l":{"54":0,"58":0,"64":0,"68":0,"77":101,"81":98,"88":96,"89":96,"90":96,"92":96,"93":96,"94":96,"95":96,"102":7,"106":6,"113":4,"117":3,"128":0,"132":0,"139":0,"140":0,"141":0,"142":0,"146":0,"147":0,"148":0,"164":3,"176":0,"188":0,"198":0,"210":0,"214":0,"227":0,"228":0,"240":0,"244":0,"257":0,"270":0,"282":0,"292":0,"296":0,"297":0,"307":0,"311":0,"312":0,"321":0,"330":0,"334":0,"335":0,"346":0,"356":0},"path":"/Users/davybraun/Code/projects/calliope/core/contracts/Product.sol","s":{"1":0,"2":0,"3":101,"4":98,"5":96,"6":96,"7":96,"8":96,"9":96,"10":96,"11":96,"12":7,"13":6,"14":4,"15":3,"16":0,"17":0,"18":0,"19":0,"20":0,"21":0,"22":0,"23":0,"24":0,"25":3,"26":0,"27":0,"28":0,"29":0,"30":0,"31":0,"32":0,"33":0,"34":0,"35":0,"36":0,"37":0,"38":0,"39":0,"40":0,"41":0,"42":0,"43":0,"44":0,"45":0,"46":0,"47":0,"48":0,"49":0},"b":{"1":[0,0],"2":[0,0],"3":[98,3],"4":[96,2],"5":[6,1],"6":[3,1],"7":[0,0],"8":[0,0],"9":[0,0],"10":[0,0],"11":[0,0],"12":[0,0],"13":[0,0]},"f":{"1":0,"2":0,"3":101,"4":7,"5":4,"6":0,"7":3,"8":0,"9":0,"10":0,"11":0,"12":0,"13":0,"14":0,"15":0,"16":0,"17":0,"18":0,"19":0,"20":0,"21":0,"22":0},"fnMap":{"1":{"name":"onlyApprovedOrOwner","line":50,"loc":{"start":{"line":50,"column":4},"end":{"line":59,"column":4}}},"2":{"name":"onlyExistingToken","line":61,"loc":{"start":{"line":61,"column":4},"end":{"line":69,"column":4}}},"3":{"name":"constructor","line":75,"loc":{"start":{"line":71,"column":4},"end":{"line":96,"column":4}}},"4":{"name":"pause","line":98,"loc":{"start":{"line":98,"column":4},"end":{"line":107,"column":4}}},"5":{"name":"unpause","line":109,"loc":{"start":{"line":109,"column":4},"end":{"line":118,"column":4}}},"6":{"name":"mint","line":126,"loc":{"start":{"line":120,"column":4},"end":{"line":149,"column":4}}},"7":{"name":"supportsInterface","line":151,"loc":{"start":{"line":151,"column":4},"end":{"line":165,"column":4}}},"8":{"name":"setAsk","line":174,"loc":{"start":{"line":167,"column":4},"end":{"line":177,"column":4}}},"9":{"name":"acceptBid","line":186,"loc":{"start":{"line":179,"column":4},"end":{"line":189,"column":4}}},"10":{"name":"removeBid","line":196,"loc":{"start":{"line":191,"column":4},"end":{"line":199,"column":4}}},"11":{"name":"setBid","line":208,"loc":{"start":{"line":201,"column":4},"end":{"line":215,"column":4}}},"12":{"name":"transferAfterAuction","line":225,"loc":{"start":{"line":217,"column":4},"end":{"line":229,"column":4}}},"13":{"name":"updateTokenURI","line":238,"loc":{"start":{"line":231,"column":4},"end":{"line":245,"column":4}}},"14":{"name":"tokenURI","line":254,"loc":{"start":{"line":247,"column":4},"end":{"line":258,"column":4}}},"15":{"name":"burn","line":268,"loc":{"start":{"line":260,"column":4},"end":{"line":271,"column":4}}},"16":{"name":"removeAsk","line":280,"loc":{"start":{"line":273,"column":4},"end":{"line":283,"column":4}}},"17":{"name":"lend","line":290,"loc":{"start":{"line":285,"column":4},"end":{"line":298,"column":4}}},"18":{"name":"recover","line":305,"loc":{"start":{"line":300,"column":4},"end":{"line":313,"column":4}}},"19":{"name":"creator","line":315,"loc":{"start":{"line":315,"column":4},"end":{"line":322,"column":4}}},"20":{"name":"_createMarket","line":324,"loc":{"start":{"line":324,"column":4},"end":{"line":336,"column":4}}},"21":{"name":"_beforeTokenTransfer","line":338,"loc":{"start":{"line":338,"column":4},"end":{"line":347,"column":4}}},"22":{"name":"_burn","line":349,"loc":{"start":{"line":349,"column":4},"end":{"line":357,"column":4}}}},"statementMap":{"1":{"start":{"line":54,"column":8},"end":{"line":54,"column":1764}},"2":{"start":{"line":64,"column":8},"end":{"line":64,"column":1972}},"3":{"start":{"line":77,"column":8},"end":{"line":77,"column":2226}},"4":{"start":{"line":81,"column":8},"end":{"line":81,"column":2361}},"5":{"start":{"line":88,"column":8},"end":{"line":88,"column":31}},"6":{"start":{"line":89,"column":8},"end":{"line":89,"column":25}},"7":{"start":{"line":90,"column":8},"end":{"line":90,"column":30}},"8":{"start":{"line":92,"column":8},"end":{"line":92,"column":51}},"9":{"start":{"line":93,"column":8},"end":{"line":93,"column":51}},"10":{"start":{"line":94,"column":8},"end":{"line":94,"column":44}},"11":{"start":{"line":95,"column":8},"end":{"line":95,"column":44}},"12":{"start":{"line":102,"column":8},"end":{"line":102,"column":2976}},"13":{"start":{"line":106,"column":8},"end":{"line":106,"column":15}},"14":{"start":{"line":113,"column":8},"end":{"line":113,"column":3173}},"15":{"start":{"line":117,"column":8},"end":{"line":117,"column":17}},"16":{"start":{"line":128,"column":8},"end":{"line":128,"column":3484}},"17":{"start":{"line":132,"column":8},"end":{"line":132,"column":3595}},"18":{"start":{"line":139,"column":8},"end":{"line":139,"column":58}},"19":{"start":{"line":140,"column":8},"end":{"line":140,"column":46}},"20":{"start":{"line":141,"column":8},"end":{"line":141,"column":50}},"21":{"start":{"line":142,"column":8},"end":{"line":142,"column":4029}},"22":{"start":{"line":146,"column":8},"end":{"line":146,"column":34}},"23":{"start":{"line":147,"column":8},"end":{"line":147,"column":52}},"24":{"start":{"line":148,"column":8},"end":{"line":148,"column":80}},"25":{"start":{"line":164,"column":8},"end":{"line":164,"column":52}},"26":{"start":{"line":176,"column":8},"end":{"line":176,"column":56}},"27":{"start":{"line":188,"column":8},"end":{"line":188,"column":59}},"28":{"start":{"line":198,"column":8},"end":{"line":198,"column":67}},"29":{"start":{"line":210,"column":8},"end":{"line":210,"column":5574}},"30":{"start":{"line":214,"column":8},"end":{"line":214,"column":70}},"31":{"start":{"line":227,"column":8},"end":{"line":227,"column":51}},"32":{"start":{"line":228,"column":8},"end":{"line":228,"column":58}},"33":{"start":{"line":240,"column":8},"end":{"line":240,"column":6342}},"34":{"start":{"line":244,"column":8},"end":{"line":244,"column":91}},"35":{"start":{"line":257,"column":8},"end":{"line":257,"column":39}},"36":{"start":{"line":270,"column":8},"end":{"line":270,"column":22}},"37":{"start":{"line":282,"column":8},"end":{"line":282,"column":53}},"38":{"start":{"line":292,"column":8},"end":{"line":292,"column":7443}},"39":{"start":{"line":296,"column":8},"end":{"line":296,"column":32}},"40":{"start":{"line":297,"column":8},"end":{"line":297,"column":40}},"41":{"start":{"line":307,"column":8},"end":{"line":307,"column":7748}},"42":{"start":{"line":311,"column":8},"end":{"line":311,"column":33}},"43":{"start":{"line":312,"column":8},"end":{"line":312,"column":42}},"44":{"start":{"line":321,"column":8},"end":{"line":321,"column":23}},"45":{"start":{"line":330,"column":8},"end":{"line":330,"column":8174}},"46":{"start":{"line":334,"column":8},"end":{"line":334,"column":108}},"47":{"start":{"line":335,"column":8},"end":{"line":335,"column":74}},"48":{"start":{"line":346,"column":8},"end":{"line":346,"column":55}},"49":{"start":{"line":356,"column":8},"end":{"line":356,"column":28}}},"branchMap":{"1":{"line":54,"type":"if","locations":[{"start":{"line":54,"column":8},"end":{"line":54,"column":8}},{"start":{"line":54,"column":8},"end":{"line":54,"column":8}}]},"2":{"line":64,"type":"if","locations":[{"start":{"line":64,"column":8},"end":{"line":64,"column":8}},{"start":{"line":64,"column":8},"end":{"line":64,"column":8}}]},"3":{"line":77,"type":"if","locations":[{"start":{"line":77,"column":8},"end":{"line":77,"column":8}},{"start":{"line":77,"column":8},"end":{"line":77,"column":8}}]},"4":{"line":81,"type":"if","locations":[{"start":{"line":81,"column":8},"end":{"line":81,"column":8}},{"start":{"line":81,"column":8},"end":{"line":81,"column":8}}]},"5":{"line":102,"type":"if","locations":[{"start":{"line":102,"column":8},"end":{"line":102,"column":8}},{"start":{"line":102,"column":8},"end":{"line":102,"column":8}}]},"6":{"line":113,"type":"if","locations":[{"start":{"line":113,"column":8},"end":{"line":113,"column":8}},{"start":{"line":113,"column":8},"end":{"line":113,"column":8}}]},"7":{"line":128,"type":"if","locations":[{"start":{"line":128,"column":8},"end":{"line":128,"column":8}},{"start":{"line":128,"column":8},"end":{"line":128,"column":8}}]},"8":{"line":132,"type":"if","locations":[{"start":{"line":132,"column":8},"end":{"line":132,"column":8}},{"start":{"line":132,"column":8},"end":{"line":132,"column":8}}]},"9":{"line":210,"type":"if","locations":[{"start":{"line":210,"column":8},"end":{"line":210,"column":8}},{"start":{"line":210,"column":8},"end":{"line":210,"column":8}}]},"10":{"line":240,"type":"if","locations":[{"start":{"line":240,"column":8},"end":{"line":240,"column":8}},{"start":{"line":240,"column":8},"end":{"line":240,"column":8}}]},"11":{"line":292,"type":"if","locations":[{"start":{"line":292,"column":8},"end":{"line":292,"column":8}},{"start":{"line":292,"column":8},"end":{"line":292,"column":8}}]},"12":{"line":307,"type":"if","locations":[{"start":{"line":307,"column":8},"end":{"line":307,"column":8}},{"start":{"line":307,"column":8},"end":{"line":307,"column":8}}]},"13":{"line":330,"type":"if","locations":[{"start":{"line":330,"column":8},"end":{"line":330,"column":8}},{"start":{"line":330,"column":8},"end":{"line":330,"column":8}}]}}},"contracts/TestERC20.sol":{"l":{"9":111,"13":26,"15":26},"path":"/Users/davybraun/Code/projects/calliope/core/contracts/TestERC20.sol","s":{"1":111,"2":26,"3":26},"b":{},"f":{"1":111,"2":26},"fnMap":{"1":{"name":"constructor","line":8,"loc":{"start":{"line":8,"column":4},"end":{"line":10,"column":4}}},"2":{"name":"transfer","line":12,"loc":{"start":{"line":12,"column":4},"end":{"line":16,"column":4}}}},"statementMap":{"1":{"start":{"line":9,"column":8},"end":{"line":9,"column":39}},"2":{"start":{"line":13,"column":8},"end":{"line":13,"column":49}},"3":{"start":{"line":15,"column":8},"end":{"line":15,"column":19}}},"branchMap":{}},"contracts/TestMarketProxy.sol":{"l":{"44":111,"45":111,"46":111,"55":45,"65":15,"74":15,"82":2,"92":3,"103":2,"112":5,"118":5,"124":2,"135":2,"143":1,"151":8,"160":5,"170":5,"171":5,"196":0},"path":"/Users/davybraun/Code/projects/calliope/core/contracts/TestMarketProxy.sol","s":{"1":111,"2":111,"3":111,"4":45,"5":15,"6":15,"7":2,"8":3,"9":2,"10":5,"11":5,"12":2,"13":2,"14":1,"15":8,"16":5,"17":5,"18":0},"b":{},"f":{"1":111,"2":45,"3":15,"4":15,"5":2,"6":3,"7":2,"8":5,"9":5,"10":2,"11":2,"12":1,"13":8,"14":5,"15":5,"16":0,"17":0,"18":0,"19":0,"20":0,"21":0,"22":0,"23":0,"24":0,"25":0},"fnMap":{"1":{"name":"constructor","line":42,"loc":{"start":{"line":38,"column":4},"end":{"line":47,"column":4}}},"2":{"name":"marketSetBidShares","line":49,"loc":{"start":{"line":49,"column":4},"end":{"line":56,"column":4}}},"3":{"name":"marketSetBid","line":58,"loc":{"start":{"line":58,"column":4},"end":{"line":66,"column":4}}},"4":{"name":"marketSetAsk","line":68,"loc":{"start":{"line":68,"column":4},"end":{"line":75,"column":4}}},"5":{"name":"marketRemoveAsk","line":77,"loc":{"start":{"line":77,"column":4},"end":{"line":83,"column":4}}},"6":{"name":"areValidBidShares","line":85,"loc":{"start":{"line":85,"column":4},"end":{"line":93,"column":4}}},"7":{"name":"splitShare","line":95,"loc":{"start":{"line":95,"column":4},"end":{"line":104,"column":4}}},"8":{"name":"marketAcceptBid","line":106,"loc":{"start":{"line":106,"column":4},"end":{"line":113,"column":4}}},"9":{"name":"marketPause","line":115,"loc":{"start":{"line":115,"column":4},"end":{"line":119,"column":4}}},"10":{"name":"marketUnpause","line":121,"loc":{"start":{"line":121,"column":4},"end":{"line":125,"column":4}}},"11":{"name":"isValidBid","line":127,"loc":{"start":{"line":127,"column":4},"end":{"line":136,"column":4}}},"12":{"name":"fee","line":138,"loc":{"start":{"line":138,"column":4},"end":{"line":144,"column":4}}},"13":{"name":"mintNFT","line":146,"loc":{"start":{"line":146,"column":4},"end":{"line":152,"column":4}}},"14":{"name":"creator","line":154,"loc":{"start":{"line":154,"column":4},"end":{"line":161,"column":4}}},"15":{"name":"transferAfterAuction","line":163,"loc":{"start":{"line":163,"column":4},"end":{"line":172,"column":4}}},"16":{"name":"setAsk","line":174,"loc":{"start":{"line":174,"column":4},"end":{"line":174,"column":82}}},"17":{"name":"removeAsk","line":175,"loc":{"start":{"line":175,"column":4},"end":{"line":175,"column":60}}},"18":{"name":"mint","line":176,"loc":{"start":{"line":176,"column":4},"end":{"line":176,"column":105}}},"19":{"name":"setBid","line":177,"loc":{"start":{"line":177,"column":4},"end":{"line":177,"column":83}}},"20":{"name":"acceptBid","line":178,"loc":{"start":{"line":178,"column":4},"end":{"line":178,"column":85}}},"21":{"name":"removeBid","line":179,"loc":{"start":{"line":179,"column":4},"end":{"line":179,"column":60}}},"22":{"name":"updateTokenURI","line":180,"loc":{"start":{"line":180,"column":4},"end":{"line":180,"column":92}}},"23":{"name":"lend","line":181,"loc":{"start":{"line":181,"column":4},"end":{"line":181,"column":55}}},"24":{"name":"recover","line":182,"loc":{"start":{"line":182,"column":4},"end":{"line":182,"column":58}}},"25":{"name":"supportsInterface","line":184,"loc":{"start":{"line":184,"column":4},"end":{"line":197,"column":4}}}},"statementMap":{"1":{"start":{"line":44,"column":8},"end":{"line":44,"column":51}},"2":{"start":{"line":45,"column":8},"end":{"line":45,"column":67}},"3":{"start":{"line":46,"column":8},"end":{"line":46,"column":37}},"4":{"start":{"line":55,"column":8},"end":{"line":55,"column":57}},"5":{"start":{"line":65,"column":8},"end":{"line":65,"column":52}},"6":{"start":{"line":74,"column":8},"end":{"line":74,"column":45}},"7":{"start":{"line":82,"column":8},"end":{"line":82,"column":42}},"8":{"start":{"line":92,"column":8},"end":{"line":92,"column":60}},"9":{"start":{"line":103,"column":8},"end":{"line":103,"column":65}},"10":{"start":{"line":112,"column":8},"end":{"line":112,"column":64}},"11":{"start":{"line":118,"column":8},"end":{"line":118,"column":37}},"12":{"start":{"line":124,"column":8},"end":{"line":124,"column":39}},"13":{"start":{"line":135,"column":8},"end":{"line":135,"column":63}},"14":{"start":{"line":143,"column":8},"end":{"line":143,"column":36}},"15":{"start":{"line":151,"column":8},"end":{"line":151,"column":40}},"16":{"start":{"line":160,"column":8},"end":{"line":160,"column":51}},"17":{"start":{"line":171,"column":8},"end":{"line":171,"column":30}},"18":{"start":{"line":196,"column":8},"end":{"line":196,"column":52}}},"branchMap":{}}}