{"contracts/Counter.sol":{"l":{"12":6,"17":4,"18":4,"20":4,"22":4,"23":4,"28":2,"29":2,"31":2,"33":2,"34":2},"path":"/Users/davybraun/Code/projects/calliope/core/contracts/Counter.sol","s":{"1":6,"2":4,"3":4,"4":4,"5":4,"6":4,"7":2,"8":2,"9":2,"10":2,"11":2},"b":{"1":[4,0],"2":[2,0]},"f":{"1":6,"2":4,"3":2},"fnMap":{"1":{"name":"getCount","line":11,"loc":{"start":{"line":11,"column":4},"end":{"line":13,"column":4}}},"2":{"name":"countUp","line":15,"loc":{"start":{"line":15,"column":4},"end":{"line":24,"column":4}}},"3":{"name":"countDown","line":26,"loc":{"start":{"line":26,"column":4},"end":{"line":35,"column":4}}}},"statementMap":{"1":{"start":{"line":12,"column":8},"end":{"line":12,"column":20}},"2":{"start":{"line":17,"column":8},"end":{"line":17,"column":36}},"3":{"start":{"line":18,"column":8},"end":{"line":18,"column":51}},"4":{"start":{"line":20,"column":8},"end":{"line":20,"column":23}},"5":{"start":{"line":22,"column":8},"end":{"line":22,"column":29}},"6":{"start":{"line":23,"column":8},"end":{"line":23,"column":20}},"7":{"start":{"line":28,"column":8},"end":{"line":28,"column":36}},"8":{"start":{"line":29,"column":8},"end":{"line":29,"column":53}},"9":{"start":{"line":31,"column":8},"end":{"line":31,"column":23}},"10":{"start":{"line":33,"column":8},"end":{"line":33,"column":29}},"11":{"start":{"line":34,"column":8},"end":{"line":34,"column":20}}},"branchMap":{"1":{"line":18,"type":"if","locations":[{"start":{"line":18,"column":8},"end":{"line":18,"column":8}},{"start":{"line":18,"column":8},"end":{"line":18,"column":8}}]},"2":{"line":29,"type":"if","locations":[{"start":{"line":29,"column":8},"end":{"line":29,"column":8}},{"start":{"line":29,"column":8},"end":{"line":29,"column":8}}]}}},"contracts/Product.sol":{"l":{"35":93,"39":90,"44":87,"45":87,"47":87,"49":87,"50":87,"51":87,"58":7,"62":6,"69":4,"73":3,"82":3,"86":2,"91":1,"95":1,"96":1,"112":3,"124":1,"134":183,"136":183,"137":6,"139":177},"path":"/Users/davybraun/Code/projects/calliope/core/contracts/Product.sol","s":{"1":93,"2":90,"3":87,"4":87,"5":87,"6":87,"7":87,"8":87,"9":7,"10":6,"11":4,"12":3,"13":3,"14":2,"15":1,"16":1,"17":1,"18":3,"19":1,"20":183,"21":183,"22":6,"23":177},"b":{"1":[90,3],"2":[87,3],"3":[6,1],"4":[3,1],"5":[2,1],"6":[1,1],"7":[6,177]},"f":{"1":93,"2":7,"3":4,"4":3,"5":3,"6":1,"7":183},"fnMap":{"1":{"name":"constructor","line":33,"loc":{"start":{"line":27,"column":4},"end":{"line":52,"column":4}}},"2":{"name":"pause","line":54,"loc":{"start":{"line":54,"column":4},"end":{"line":63,"column":4}}},"3":{"name":"unpause","line":65,"loc":{"start":{"line":65,"column":4},"end":{"line":74,"column":4}}},"4":{"name":"mint","line":76,"loc":{"start":{"line":76,"column":4},"end":{"line":97,"column":4}}},"5":{"name":"supportsInterface","line":99,"loc":{"start":{"line":99,"column":4},"end":{"line":113,"column":4}}},"6":{"name":"_beforeTokenTransfer","line":115,"loc":{"start":{"line":115,"column":4},"end":{"line":125,"column":4}}},"7":{"name":"_isEmptyString","line":127,"loc":{"start":{"line":127,"column":4},"end":{"line":140,"column":4}}}},"statementMap":{"1":{"start":{"line":35,"column":8},"end":{"line":35,"column":1191}},"2":{"start":{"line":39,"column":8},"end":{"line":39,"column":1325}},"3":{"start":{"line":44,"column":8},"end":{"line":44,"column":36}},"4":{"start":{"line":45,"column":8},"end":{"line":45,"column":17}},"5":{"start":{"line":47,"column":8},"end":{"line":47,"column":24}},"6":{"start":{"line":49,"column":8},"end":{"line":49,"column":51}},"7":{"start":{"line":50,"column":8},"end":{"line":50,"column":44}},"8":{"start":{"line":51,"column":8},"end":{"line":51,"column":44}},"9":{"start":{"line":58,"column":8},"end":{"line":58,"column":1743}},"10":{"start":{"line":62,"column":8},"end":{"line":62,"column":15}},"11":{"start":{"line":69,"column":8},"end":{"line":69,"column":1958}},"12":{"start":{"line":73,"column":8},"end":{"line":73,"column":17}},"13":{"start":{"line":82,"column":8},"end":{"line":82,"column":2210}},"14":{"start":{"line":86,"column":8},"end":{"line":86,"column":2339}},"15":{"start":{"line":91,"column":8},"end":{"line":91,"column":38}},"16":{"start":{"line":95,"column":8},"end":{"line":95,"column":82}},"17":{"start":{"line":96,"column":8},"end":{"line":96,"column":34}},"18":{"start":{"line":112,"column":8},"end":{"line":112,"column":52}},"19":{"start":{"line":124,"column":8},"end":{"line":124,"column":55}},"20":{"start":{"line":134,"column":8},"end":{"line":134,"column":43}},"21":{"start":{"line":136,"column":8},"end":{"line":136,"column":3545}},"22":{"start":{"line":137,"column":12},"end":{"line":137,"column":23}},"23":{"start":{"line":139,"column":8},"end":{"line":139,"column":20}}},"branchMap":{"1":{"line":35,"type":"if","locations":[{"start":{"line":35,"column":8},"end":{"line":35,"column":8}},{"start":{"line":35,"column":8},"end":{"line":35,"column":8}}]},"2":{"line":39,"type":"if","locations":[{"start":{"line":39,"column":8},"end":{"line":39,"column":8}},{"start":{"line":39,"column":8},"end":{"line":39,"column":8}}]},"3":{"line":58,"type":"if","locations":[{"start":{"line":58,"column":8},"end":{"line":58,"column":8}},{"start":{"line":58,"column":8},"end":{"line":58,"column":8}}]},"4":{"line":69,"type":"if","locations":[{"start":{"line":69,"column":8},"end":{"line":69,"column":8}},{"start":{"line":69,"column":8},"end":{"line":69,"column":8}}]},"5":{"line":82,"type":"if","locations":[{"start":{"line":82,"column":8},"end":{"line":82,"column":8}},{"start":{"line":82,"column":8},"end":{"line":82,"column":8}}]},"6":{"line":86,"type":"if","locations":[{"start":{"line":86,"column":8},"end":{"line":86,"column":8}},{"start":{"line":86,"column":8},"end":{"line":86,"column":8}}]},"7":{"line":136,"type":"if","locations":[{"start":{"line":136,"column":8},"end":{"line":136,"column":8}},{"start":{"line":136,"column":8},"end":{"line":136,"column":8}}]}}}}